<?xml version="1.0" encoding="UTF-8"?>
<!-- Generated by org.testng.reporters.JUnitReportReporter -->
<testsuite hostname="DESKTOP-M5QP787" failures="0" tests="2" name="contactsTests.CreateContactTest" time="66.659" errors="0" timestamp="2023-10-28T20:04:37 IST" skipped="0">
  <testcase classname="contactsTests.CreateContactTest" name="createcont" time="54.143">
    <system-out>
      <![CDATA[Clicked on contacts link
Clicked on create contact look up image
contact created successfully
Header captured]]>
    </system-out>
  </testcase> <!-- createcont -->
  <testcase classname="contactsTests.CreateContactTest" name="demo" time="12.516"/>
  <system-out>
    <![CDATA[Clicked on contacts link
Clicked on create contact look up image
contact created successfully
Header captured]]>
  </system-out>
</testsuite> <!-- contactsTests.CreateContactTest -->
