<?xml version="1.0" encoding="UTF-8"?>
<!-- Generated by org.testng.reporters.JUnitReportReporter -->
<testsuite hostname="DESKTOP-M5QP787" failures="0" tests="2" name="contactsTests.CreateContactTest" time="122.256" errors="0" timestamp="2023-10-31T20:32:54 IST" skipped="0">
  <testcase classname="contactsTests.CreateContactTest" name="demo" time="7.766"/>
  <testcase classname="contactsTests.CreateContactTest" name="createcont" time="114.490">
    <system-out>
      <![CDATA[Clicked on contacts link
Clicked on create contact look up image
contact created successfully
Header captured]]>
    </system-out>
  </testcase> <!-- createcont -->
  <system-out>
    <![CDATA[Clicked on contacts link
Clicked on create contact look up image
contact created successfully
Header captured]]>
  </system-out>
</testsuite> <!-- contactsTests.CreateContactTest -->
